Build started 7/12/2015 11:11:40 PM.
     1>Project "C:\Users\-\Documents\DS_Assignment1_LiZhaoyuan\DS_Assignment1\DS_Assignment1.vcxproj" on node 2 (Build target(s)).
     1>ClCompile:
         C:\Program Files (x86)\Microsoft Visual Studio 12.0\VC\bin\CL.exe /c /ZI /nologo /W3 /WX- /sdl /Od /Oy- /D WIN32 /D _DEBUG /D _CONSOLE /D _LIB /D _UNICODE /D UNICODE /Gm /EHsc /RTC1 /MDd /GS /fp:precise /Zc:wchar_t /Zc:forScope /Fo"Debug\\" /Fd"Debug\vc120.pdb" /Gd /TP /analyze- /errorReport:prompt Dweller.cpp GameObject.cpp Item.cpp main.cpp Outfit.cpp Vec2D.cpp Weapon.cpp
         Weapon.cpp
         Vec2D.cpp
         Outfit.cpp
         main.cpp
     1>c:\users\-\documents\ds_assignment1_lizhaoyuan\ds_assignment1\dweller.h(32): error C2059: syntax error : 'constant'
     1>c:\users\-\documents\ds_assignment1_lizhaoyuan\ds_assignment1\dweller.h(32): error C2535: 'Vec2D Dweller::position_(void)' : member function already defined or declared
                 c:\users\-\documents\ds_assignment1_lizhaoyuan\ds_assignment1\dweller.h(31) : see declaration of 'Dweller::position_'
         Item.cpp
         GameObject.cpp
         Dweller.cpp
     1>c:\users\-\documents\ds_assignment1_lizhaoyuan\ds_assignment1\dweller.h(32): error C2059: syntax error : 'constant'
     1>c:\users\-\documents\ds_assignment1_lizhaoyuan\ds_assignment1\dweller.h(32): error C2535: 'Vec2D Dweller::position_(void)' : member function already defined or declared
                 c:\users\-\documents\ds_assignment1_lizhaoyuan\ds_assignment1\dweller.h(31) : see declaration of 'Dweller::position_'
         Generating Code...
     1>Done Building Project "C:\Users\-\Documents\DS_Assignment1_LiZhaoyuan\DS_Assignment1\DS_Assignment1.vcxproj" (Build target(s)) -- FAILED.

Build FAILED.

Time Elapsed 00:00:01.95
